<?xml version="1.0" encoding="UTF-8"?>
<testsuite name="com.csc.ZipperTest" tests="4" skipped="0" failures="0" errors="0" timestamp="2024-10-14T22:19:45" hostname="ZEEL" time="0.045">
  <properties/>
  <testcase name="testZipEmptyLists()" classname="com.csc.ZipperTest" time="0.033"/>
  <testcase name="testZipSecondListLonger()" classname="com.csc.ZipperTest" time="0.001"/>
  <testcase name="testZipFirstListLonger()" classname="com.csc.ZipperTest" time="0.002"/>
  <testcase name="testZipEqualSizeLists()" classname="com.csc.ZipperTest" time="0.002"/>
  <system-out><![CDATA[]]></system-out>
  <system-err><![CDATA[]]></system-err>
</testsuite>
